ARM GAS  /tmp/cc9mIfyN.s 			page 1


   1              		.cpu cortex-m4
   2              		.eabi_attribute 27, 1
   3              		.eabi_attribute 28, 1
   4              		.eabi_attribute 20, 1
   5              		.eabi_attribute 21, 1
   6              		.eabi_attribute 23, 3
   7              		.eabi_attribute 24, 1
   8              		.eabi_attribute 25, 1
   9              		.eabi_attribute 26, 1
  10              		.eabi_attribute 30, 1
  11              		.eabi_attribute 34, 1
  12              		.eabi_attribute 18, 4
  13              		.file	"can.c"
  14              		.text
  15              	.Ltext0:
  16              		.cfi_sections	.debug_frame
  17              		.section	.text.MX_CAN_Init,"ax",%progbits
  18              		.align	1
  19              		.global	MX_CAN_Init
  20              		.arch armv7e-m
  21              		.syntax unified
  22              		.thumb
  23              		.thumb_func
  24              		.fpu fpv4-sp-d16
  26              	MX_CAN_Init:
  27              	.LFB123:
  28              		.file 1 "Core/Src/can.c"
   1:Core/Src/can.c **** /* USER CODE BEGIN Header */
   2:Core/Src/can.c **** /**
   3:Core/Src/can.c ****   ******************************************************************************
   4:Core/Src/can.c ****   * @file    can.c
   5:Core/Src/can.c ****   * @brief   This file provides code for the configuration
   6:Core/Src/can.c ****   *          of the CAN instances.
   7:Core/Src/can.c ****   ******************************************************************************
   8:Core/Src/can.c ****   * @attention
   9:Core/Src/can.c ****   *
  10:Core/Src/can.c ****   * Copyright (c) 2025 STMicroelectronics.
  11:Core/Src/can.c ****   * All rights reserved.
  12:Core/Src/can.c ****   *
  13:Core/Src/can.c ****   * This software is licensed under terms that can be found in the LICENSE file
  14:Core/Src/can.c ****   * in the root directory of this software component.
  15:Core/Src/can.c ****   * If no LICENSE file comes with this software, it is provided AS-IS.
  16:Core/Src/can.c ****   *
  17:Core/Src/can.c ****   ******************************************************************************
  18:Core/Src/can.c ****   */
  19:Core/Src/can.c **** /* USER CODE END Header */
  20:Core/Src/can.c **** /* Includes ------------------------------------------------------------------*/
  21:Core/Src/can.c **** #include "can.h"
  22:Core/Src/can.c **** 
  23:Core/Src/can.c **** /* USER CODE BEGIN 0 */
  24:Core/Src/can.c **** 
  25:Core/Src/can.c **** /* USER CODE END 0 */
  26:Core/Src/can.c **** 
  27:Core/Src/can.c **** CAN_HandleTypeDef hcan;
  28:Core/Src/can.c **** 
  29:Core/Src/can.c **** /* CAN init function */
  30:Core/Src/can.c **** void MX_CAN_Init(void)
ARM GAS  /tmp/cc9mIfyN.s 			page 2


  31:Core/Src/can.c **** {
  29              		.loc 1 31 1 view -0
  30              		.cfi_startproc
  31              		@ args = 0, pretend = 0, frame = 0
  32              		@ frame_needed = 0, uses_anonymous_args = 0
  33 0000 08B5     		push	{r3, lr}
  34              	.LCFI0:
  35              		.cfi_def_cfa_offset 8
  36              		.cfi_offset 3, -8
  37              		.cfi_offset 14, -4
  32:Core/Src/can.c **** 
  33:Core/Src/can.c ****   /* USER CODE BEGIN CAN_Init 0 */
  34:Core/Src/can.c **** 
  35:Core/Src/can.c ****   /* USER CODE END CAN_Init 0 */
  36:Core/Src/can.c **** 
  37:Core/Src/can.c ****   /* USER CODE BEGIN CAN_Init 1 */
  38:Core/Src/can.c **** 
  39:Core/Src/can.c ****   /* USER CODE END CAN_Init 1 */
  40:Core/Src/can.c ****   hcan.Instance = CAN;
  38              		.loc 1 40 3 view .LVU1
  39              		.loc 1 40 17 is_stmt 0 view .LVU2
  40 0002 0D48     		ldr	r0, .L5
  41 0004 0D4B     		ldr	r3, .L5+4
  42 0006 0360     		str	r3, [r0]
  41:Core/Src/can.c ****   hcan.Init.Prescaler = 2;
  43              		.loc 1 41 3 is_stmt 1 view .LVU3
  44              		.loc 1 41 23 is_stmt 0 view .LVU4
  45 0008 0223     		movs	r3, #2
  46 000a 4360     		str	r3, [r0, #4]
  42:Core/Src/can.c ****   hcan.Init.Mode = CAN_MODE_NORMAL;
  47              		.loc 1 42 3 is_stmt 1 view .LVU5
  48              		.loc 1 42 18 is_stmt 0 view .LVU6
  49 000c 0023     		movs	r3, #0
  50 000e 8360     		str	r3, [r0, #8]
  43:Core/Src/can.c ****   hcan.Init.SyncJumpWidth = CAN_SJW_1TQ;
  51              		.loc 1 43 3 is_stmt 1 view .LVU7
  52              		.loc 1 43 27 is_stmt 0 view .LVU8
  53 0010 C360     		str	r3, [r0, #12]
  44:Core/Src/can.c ****   hcan.Init.TimeSeg1 = CAN_BS1_12TQ;
  54              		.loc 1 44 3 is_stmt 1 view .LVU9
  55              		.loc 1 44 22 is_stmt 0 view .LVU10
  56 0012 4FF43022 		mov	r2, #720896
  57 0016 0261     		str	r2, [r0, #16]
  45:Core/Src/can.c ****   hcan.Init.TimeSeg2 = CAN_BS2_3TQ;
  58              		.loc 1 45 3 is_stmt 1 view .LVU11
  59              		.loc 1 45 22 is_stmt 0 view .LVU12
  60 0018 4FF40012 		mov	r2, #2097152
  61 001c 4261     		str	r2, [r0, #20]
  46:Core/Src/can.c ****   hcan.Init.TimeTriggeredMode = DISABLE;
  62              		.loc 1 46 3 is_stmt 1 view .LVU13
  63              		.loc 1 46 31 is_stmt 0 view .LVU14
  64 001e 0376     		strb	r3, [r0, #24]
  47:Core/Src/can.c ****   hcan.Init.AutoBusOff = DISABLE;
  65              		.loc 1 47 3 is_stmt 1 view .LVU15
  66              		.loc 1 47 24 is_stmt 0 view .LVU16
  67 0020 4376     		strb	r3, [r0, #25]
  48:Core/Src/can.c ****   hcan.Init.AutoWakeUp = DISABLE;
ARM GAS  /tmp/cc9mIfyN.s 			page 3


  68              		.loc 1 48 3 is_stmt 1 view .LVU17
  69              		.loc 1 48 24 is_stmt 0 view .LVU18
  70 0022 8376     		strb	r3, [r0, #26]
  49:Core/Src/can.c ****   hcan.Init.AutoRetransmission = DISABLE;
  71              		.loc 1 49 3 is_stmt 1 view .LVU19
  72              		.loc 1 49 32 is_stmt 0 view .LVU20
  73 0024 C376     		strb	r3, [r0, #27]
  50:Core/Src/can.c ****   hcan.Init.ReceiveFifoLocked = DISABLE;
  74              		.loc 1 50 3 is_stmt 1 view .LVU21
  75              		.loc 1 50 31 is_stmt 0 view .LVU22
  76 0026 0377     		strb	r3, [r0, #28]
  51:Core/Src/can.c ****   hcan.Init.TransmitFifoPriority = DISABLE;
  77              		.loc 1 51 3 is_stmt 1 view .LVU23
  78              		.loc 1 51 34 is_stmt 0 view .LVU24
  79 0028 4377     		strb	r3, [r0, #29]
  52:Core/Src/can.c ****   if (HAL_CAN_Init(&hcan) != HAL_OK)
  80              		.loc 1 52 3 is_stmt 1 view .LVU25
  81              		.loc 1 52 7 is_stmt 0 view .LVU26
  82 002a FFF7FEFF 		bl	HAL_CAN_Init
  83              	.LVL0:
  84              		.loc 1 52 6 view .LVU27
  85 002e 00B9     		cbnz	r0, .L4
  86              	.L1:
  53:Core/Src/can.c ****   {
  54:Core/Src/can.c ****     Error_Handler();
  55:Core/Src/can.c ****   }
  56:Core/Src/can.c ****   /* USER CODE BEGIN CAN_Init 2 */
  57:Core/Src/can.c **** 
  58:Core/Src/can.c ****   /* USER CODE END CAN_Init 2 */
  59:Core/Src/can.c **** 
  60:Core/Src/can.c **** }
  87              		.loc 1 60 1 view .LVU28
  88 0030 08BD     		pop	{r3, pc}
  89              	.L4:
  54:Core/Src/can.c ****   }
  90              		.loc 1 54 5 is_stmt 1 view .LVU29
  91 0032 FFF7FEFF 		bl	Error_Handler
  92              	.LVL1:
  93              		.loc 1 60 1 is_stmt 0 view .LVU30
  94 0036 FBE7     		b	.L1
  95              	.L6:
  96              		.align	2
  97              	.L5:
  98 0038 00000000 		.word	.LANCHOR0
  99 003c 00640040 		.word	1073767424
 100              		.cfi_endproc
 101              	.LFE123:
 103              		.section	.text.HAL_CAN_MspInit,"ax",%progbits
 104              		.align	1
 105              		.global	HAL_CAN_MspInit
 106              		.syntax unified
 107              		.thumb
 108              		.thumb_func
 109              		.fpu fpv4-sp-d16
 111              	HAL_CAN_MspInit:
 112              	.LVL2:
 113              	.LFB124:
ARM GAS  /tmp/cc9mIfyN.s 			page 4


  61:Core/Src/can.c **** 
  62:Core/Src/can.c **** void HAL_CAN_MspInit(CAN_HandleTypeDef* canHandle)
  63:Core/Src/can.c **** {
 114              		.loc 1 63 1 is_stmt 1 view -0
 115              		.cfi_startproc
 116              		@ args = 0, pretend = 0, frame = 32
 117              		@ frame_needed = 0, uses_anonymous_args = 0
 118              		.loc 1 63 1 is_stmt 0 view .LVU32
 119 0000 00B5     		push	{lr}
 120              	.LCFI1:
 121              		.cfi_def_cfa_offset 4
 122              		.cfi_offset 14, -4
 123 0002 89B0     		sub	sp, sp, #36
 124              	.LCFI2:
 125              		.cfi_def_cfa_offset 40
  64:Core/Src/can.c **** 
  65:Core/Src/can.c ****   GPIO_InitTypeDef GPIO_InitStruct = {0};
 126              		.loc 1 65 3 is_stmt 1 view .LVU33
 127              		.loc 1 65 20 is_stmt 0 view .LVU34
 128 0004 0023     		movs	r3, #0
 129 0006 0393     		str	r3, [sp, #12]
 130 0008 0493     		str	r3, [sp, #16]
 131 000a 0593     		str	r3, [sp, #20]
 132 000c 0693     		str	r3, [sp, #24]
 133 000e 0793     		str	r3, [sp, #28]
  66:Core/Src/can.c ****   if(canHandle->Instance==CAN)
 134              		.loc 1 66 3 is_stmt 1 view .LVU35
 135              		.loc 1 66 15 is_stmt 0 view .LVU36
 136 0010 0268     		ldr	r2, [r0]
 137              		.loc 1 66 5 view .LVU37
 138 0012 184B     		ldr	r3, .L11
 139 0014 9A42     		cmp	r2, r3
 140 0016 02D0     		beq	.L10
 141              	.LVL3:
 142              	.L7:
  67:Core/Src/can.c ****   {
  68:Core/Src/can.c ****   /* USER CODE BEGIN CAN_MspInit 0 */
  69:Core/Src/can.c **** 
  70:Core/Src/can.c ****   /* USER CODE END CAN_MspInit 0 */
  71:Core/Src/can.c ****     /* CAN clock enable */
  72:Core/Src/can.c ****     __HAL_RCC_CAN1_CLK_ENABLE();
  73:Core/Src/can.c **** 
  74:Core/Src/can.c ****     __HAL_RCC_GPIOA_CLK_ENABLE();
  75:Core/Src/can.c ****     /**CAN GPIO Configuration
  76:Core/Src/can.c ****     PA11     ------> CAN_RX
  77:Core/Src/can.c ****     PA12     ------> CAN_TX
  78:Core/Src/can.c ****     */
  79:Core/Src/can.c ****     GPIO_InitStruct.Pin = GPIO_PIN_11|GPIO_PIN_12;
  80:Core/Src/can.c ****     GPIO_InitStruct.Mode = GPIO_MODE_AF_PP;
  81:Core/Src/can.c ****     GPIO_InitStruct.Pull = GPIO_NOPULL;
  82:Core/Src/can.c ****     GPIO_InitStruct.Speed = GPIO_SPEED_FREQ_HIGH;
  83:Core/Src/can.c ****     GPIO_InitStruct.Alternate = GPIO_AF9_CAN;
  84:Core/Src/can.c ****     HAL_GPIO_Init(GPIOA, &GPIO_InitStruct);
  85:Core/Src/can.c **** 
  86:Core/Src/can.c ****     /* CAN interrupt Init */
  87:Core/Src/can.c ****     HAL_NVIC_SetPriority(CAN_RX0_IRQn, 0, 0);
  88:Core/Src/can.c ****     HAL_NVIC_EnableIRQ(CAN_RX0_IRQn);
ARM GAS  /tmp/cc9mIfyN.s 			page 5


  89:Core/Src/can.c ****   /* USER CODE BEGIN CAN_MspInit 1 */
  90:Core/Src/can.c **** 
  91:Core/Src/can.c ****   /* USER CODE END CAN_MspInit 1 */
  92:Core/Src/can.c ****   }
  93:Core/Src/can.c **** }
 143              		.loc 1 93 1 view .LVU38
 144 0018 09B0     		add	sp, sp, #36
 145              	.LCFI3:
 146              		.cfi_remember_state
 147              		.cfi_def_cfa_offset 4
 148              		@ sp needed
 149 001a 5DF804FB 		ldr	pc, [sp], #4
 150              	.LVL4:
 151              	.L10:
 152              	.LCFI4:
 153              		.cfi_restore_state
  72:Core/Src/can.c **** 
 154              		.loc 1 72 5 is_stmt 1 view .LVU39
 155              	.LBB2:
  72:Core/Src/can.c **** 
 156              		.loc 1 72 5 view .LVU40
  72:Core/Src/can.c **** 
 157              		.loc 1 72 5 view .LVU41
 158 001e 03F5D633 		add	r3, r3, #109568
 159 0022 DA69     		ldr	r2, [r3, #28]
 160 0024 42F00072 		orr	r2, r2, #33554432
 161 0028 DA61     		str	r2, [r3, #28]
  72:Core/Src/can.c **** 
 162              		.loc 1 72 5 view .LVU42
 163 002a DA69     		ldr	r2, [r3, #28]
 164 002c 02F00072 		and	r2, r2, #33554432
 165 0030 0192     		str	r2, [sp, #4]
  72:Core/Src/can.c **** 
 166              		.loc 1 72 5 view .LVU43
 167 0032 019A     		ldr	r2, [sp, #4]
 168              	.LBE2:
  72:Core/Src/can.c **** 
 169              		.loc 1 72 5 view .LVU44
  74:Core/Src/can.c ****     /**CAN GPIO Configuration
 170              		.loc 1 74 5 view .LVU45
 171              	.LBB3:
  74:Core/Src/can.c ****     /**CAN GPIO Configuration
 172              		.loc 1 74 5 view .LVU46
  74:Core/Src/can.c ****     /**CAN GPIO Configuration
 173              		.loc 1 74 5 view .LVU47
 174 0034 5A69     		ldr	r2, [r3, #20]
 175 0036 42F40032 		orr	r2, r2, #131072
 176 003a 5A61     		str	r2, [r3, #20]
  74:Core/Src/can.c ****     /**CAN GPIO Configuration
 177              		.loc 1 74 5 view .LVU48
 178 003c 5B69     		ldr	r3, [r3, #20]
 179 003e 03F40033 		and	r3, r3, #131072
 180 0042 0293     		str	r3, [sp, #8]
  74:Core/Src/can.c ****     /**CAN GPIO Configuration
 181              		.loc 1 74 5 view .LVU49
 182 0044 029B     		ldr	r3, [sp, #8]
 183              	.LBE3:
ARM GAS  /tmp/cc9mIfyN.s 			page 6


  74:Core/Src/can.c ****     /**CAN GPIO Configuration
 184              		.loc 1 74 5 view .LVU50
  79:Core/Src/can.c ****     GPIO_InitStruct.Mode = GPIO_MODE_AF_PP;
 185              		.loc 1 79 5 view .LVU51
  79:Core/Src/can.c ****     GPIO_InitStruct.Mode = GPIO_MODE_AF_PP;
 186              		.loc 1 79 25 is_stmt 0 view .LVU52
 187 0046 4FF4C053 		mov	r3, #6144
 188 004a 0393     		str	r3, [sp, #12]
  80:Core/Src/can.c ****     GPIO_InitStruct.Pull = GPIO_NOPULL;
 189              		.loc 1 80 5 is_stmt 1 view .LVU53
  80:Core/Src/can.c ****     GPIO_InitStruct.Pull = GPIO_NOPULL;
 190              		.loc 1 80 26 is_stmt 0 view .LVU54
 191 004c 0223     		movs	r3, #2
 192 004e 0493     		str	r3, [sp, #16]
  81:Core/Src/can.c ****     GPIO_InitStruct.Speed = GPIO_SPEED_FREQ_HIGH;
 193              		.loc 1 81 5 is_stmt 1 view .LVU55
  82:Core/Src/can.c ****     GPIO_InitStruct.Alternate = GPIO_AF9_CAN;
 194              		.loc 1 82 5 view .LVU56
  82:Core/Src/can.c ****     GPIO_InitStruct.Alternate = GPIO_AF9_CAN;
 195              		.loc 1 82 27 is_stmt 0 view .LVU57
 196 0050 0323     		movs	r3, #3
 197 0052 0693     		str	r3, [sp, #24]
  83:Core/Src/can.c ****     HAL_GPIO_Init(GPIOA, &GPIO_InitStruct);
 198              		.loc 1 83 5 is_stmt 1 view .LVU58
  83:Core/Src/can.c ****     HAL_GPIO_Init(GPIOA, &GPIO_InitStruct);
 199              		.loc 1 83 31 is_stmt 0 view .LVU59
 200 0054 0923     		movs	r3, #9
 201 0056 0793     		str	r3, [sp, #28]
  84:Core/Src/can.c **** 
 202              		.loc 1 84 5 is_stmt 1 view .LVU60
 203 0058 03A9     		add	r1, sp, #12
 204 005a 4FF09040 		mov	r0, #1207959552
 205              	.LVL5:
  84:Core/Src/can.c **** 
 206              		.loc 1 84 5 is_stmt 0 view .LVU61
 207 005e FFF7FEFF 		bl	HAL_GPIO_Init
 208              	.LVL6:
  87:Core/Src/can.c ****     HAL_NVIC_EnableIRQ(CAN_RX0_IRQn);
 209              		.loc 1 87 5 is_stmt 1 view .LVU62
 210 0062 0022     		movs	r2, #0
 211 0064 1146     		mov	r1, r2
 212 0066 1420     		movs	r0, #20
 213 0068 FFF7FEFF 		bl	HAL_NVIC_SetPriority
 214              	.LVL7:
  88:Core/Src/can.c ****   /* USER CODE BEGIN CAN_MspInit 1 */
 215              		.loc 1 88 5 view .LVU63
 216 006c 1420     		movs	r0, #20
 217 006e FFF7FEFF 		bl	HAL_NVIC_EnableIRQ
 218              	.LVL8:
 219              		.loc 1 93 1 is_stmt 0 view .LVU64
 220 0072 D1E7     		b	.L7
 221              	.L12:
 222              		.align	2
 223              	.L11:
 224 0074 00640040 		.word	1073767424
 225              		.cfi_endproc
 226              	.LFE124:
ARM GAS  /tmp/cc9mIfyN.s 			page 7


 228              		.section	.text.HAL_CAN_MspDeInit,"ax",%progbits
 229              		.align	1
 230              		.global	HAL_CAN_MspDeInit
 231              		.syntax unified
 232              		.thumb
 233              		.thumb_func
 234              		.fpu fpv4-sp-d16
 236              	HAL_CAN_MspDeInit:
 237              	.LVL9:
 238              	.LFB125:
  94:Core/Src/can.c **** 
  95:Core/Src/can.c **** void HAL_CAN_MspDeInit(CAN_HandleTypeDef* canHandle)
  96:Core/Src/can.c **** {
 239              		.loc 1 96 1 is_stmt 1 view -0
 240              		.cfi_startproc
 241              		@ args = 0, pretend = 0, frame = 0
 242              		@ frame_needed = 0, uses_anonymous_args = 0
 243              		.loc 1 96 1 is_stmt 0 view .LVU66
 244 0000 08B5     		push	{r3, lr}
 245              	.LCFI5:
 246              		.cfi_def_cfa_offset 8
 247              		.cfi_offset 3, -8
 248              		.cfi_offset 14, -4
  97:Core/Src/can.c **** 
  98:Core/Src/can.c ****   if(canHandle->Instance==CAN)
 249              		.loc 1 98 3 is_stmt 1 view .LVU67
 250              		.loc 1 98 15 is_stmt 0 view .LVU68
 251 0002 0268     		ldr	r2, [r0]
 252              		.loc 1 98 5 view .LVU69
 253 0004 094B     		ldr	r3, .L17
 254 0006 9A42     		cmp	r2, r3
 255 0008 00D0     		beq	.L16
 256              	.LVL10:
 257              	.L13:
  99:Core/Src/can.c ****   {
 100:Core/Src/can.c ****   /* USER CODE BEGIN CAN_MspDeInit 0 */
 101:Core/Src/can.c **** 
 102:Core/Src/can.c ****   /* USER CODE END CAN_MspDeInit 0 */
 103:Core/Src/can.c ****     /* Peripheral clock disable */
 104:Core/Src/can.c ****     __HAL_RCC_CAN1_CLK_DISABLE();
 105:Core/Src/can.c **** 
 106:Core/Src/can.c ****     /**CAN GPIO Configuration
 107:Core/Src/can.c ****     PA11     ------> CAN_RX
 108:Core/Src/can.c ****     PA12     ------> CAN_TX
 109:Core/Src/can.c ****     */
 110:Core/Src/can.c ****     HAL_GPIO_DeInit(GPIOA, GPIO_PIN_11|GPIO_PIN_12);
 111:Core/Src/can.c **** 
 112:Core/Src/can.c ****     /* CAN interrupt Deinit */
 113:Core/Src/can.c ****     HAL_NVIC_DisableIRQ(CAN_RX0_IRQn);
 114:Core/Src/can.c ****   /* USER CODE BEGIN CAN_MspDeInit 1 */
 115:Core/Src/can.c **** 
 116:Core/Src/can.c ****   /* USER CODE END CAN_MspDeInit 1 */
 117:Core/Src/can.c ****   }
 118:Core/Src/can.c **** }
 258              		.loc 1 118 1 view .LVU70
 259 000a 08BD     		pop	{r3, pc}
 260              	.LVL11:
ARM GAS  /tmp/cc9mIfyN.s 			page 8


 261              	.L16:
 104:Core/Src/can.c **** 
 262              		.loc 1 104 5 is_stmt 1 view .LVU71
 263 000c 084A     		ldr	r2, .L17+4
 264 000e D369     		ldr	r3, [r2, #28]
 265 0010 23F00073 		bic	r3, r3, #33554432
 266 0014 D361     		str	r3, [r2, #28]
 110:Core/Src/can.c **** 
 267              		.loc 1 110 5 view .LVU72
 268 0016 4FF4C051 		mov	r1, #6144
 269 001a 4FF09040 		mov	r0, #1207959552
 270              	.LVL12:
 110:Core/Src/can.c **** 
 271              		.loc 1 110 5 is_stmt 0 view .LVU73
 272 001e FFF7FEFF 		bl	HAL_GPIO_DeInit
 273              	.LVL13:
 113:Core/Src/can.c ****   /* USER CODE BEGIN CAN_MspDeInit 1 */
 274              		.loc 1 113 5 is_stmt 1 view .LVU74
 275 0022 1420     		movs	r0, #20
 276 0024 FFF7FEFF 		bl	HAL_NVIC_DisableIRQ
 277              	.LVL14:
 278              		.loc 1 118 1 is_stmt 0 view .LVU75
 279 0028 EFE7     		b	.L13
 280              	.L18:
 281 002a 00BF     		.align	2
 282              	.L17:
 283 002c 00640040 		.word	1073767424
 284 0030 00100240 		.word	1073876992
 285              		.cfi_endproc
 286              	.LFE125:
 288              		.global	hcan
 289              		.section	.bss.hcan,"aw",%nobits
 290              		.align	2
 291              		.set	.LANCHOR0,. + 0
 294              	hcan:
 295 0000 00000000 		.space	40
 295      00000000 
 295      00000000 
 295      00000000 
 295      00000000 
 296              		.text
 297              	.Letext0:
 298              		.file 2 "/usr/lib/gcc/arm-none-eabi/10.3.1/include/stdint.h"
 299              		.file 3 "Drivers/CMSIS/Device/ST/STM32F3xx/Include/stm32f303x8.h"
 300              		.file 4 "Drivers/CMSIS/Device/ST/STM32F3xx/Include/stm32f3xx.h"
 301              		.file 5 "Drivers/STM32F3xx_HAL_Driver/Inc/stm32f3xx_hal_def.h"
 302              		.file 6 "Drivers/STM32F3xx_HAL_Driver/Inc/stm32f3xx_hal_gpio.h"
 303              		.file 7 "Drivers/STM32F3xx_HAL_Driver/Inc/stm32f3xx_hal_can.h"
 304              		.file 8 "Drivers/STM32F3xx_HAL_Driver/Inc/stm32f3xx_hal_cortex.h"
 305              		.file 9 "Core/Inc/main.h"
 306              		.file 10 "Core/Inc/can.h"
ARM GAS  /tmp/cc9mIfyN.s 			page 9


DEFINED SYMBOLS
                            *ABS*:0000000000000000 can.c
     /tmp/cc9mIfyN.s:18     .text.MX_CAN_Init:0000000000000000 $t
     /tmp/cc9mIfyN.s:26     .text.MX_CAN_Init:0000000000000000 MX_CAN_Init
     /tmp/cc9mIfyN.s:98     .text.MX_CAN_Init:0000000000000038 $d
     /tmp/cc9mIfyN.s:104    .text.HAL_CAN_MspInit:0000000000000000 $t
     /tmp/cc9mIfyN.s:111    .text.HAL_CAN_MspInit:0000000000000000 HAL_CAN_MspInit
     /tmp/cc9mIfyN.s:224    .text.HAL_CAN_MspInit:0000000000000074 $d
     /tmp/cc9mIfyN.s:229    .text.HAL_CAN_MspDeInit:0000000000000000 $t
     /tmp/cc9mIfyN.s:236    .text.HAL_CAN_MspDeInit:0000000000000000 HAL_CAN_MspDeInit
     /tmp/cc9mIfyN.s:283    .text.HAL_CAN_MspDeInit:000000000000002c $d
     /tmp/cc9mIfyN.s:294    .bss.hcan:0000000000000000 hcan
     /tmp/cc9mIfyN.s:290    .bss.hcan:0000000000000000 $d

UNDEFINED SYMBOLS
HAL_CAN_Init
Error_Handler
HAL_GPIO_Init
HAL_NVIC_SetPriority
HAL_NVIC_EnableIRQ
HAL_GPIO_DeInit
HAL_NVIC_DisableIRQ
