ARM GAS  /tmp/ccJDgtS3.s 			page 1


   1              		.cpu cortex-m4
   2              		.eabi_attribute 27, 1
   3              		.eabi_attribute 28, 1
   4              		.eabi_attribute 20, 1
   5              		.eabi_attribute 21, 1
   6              		.eabi_attribute 23, 3
   7              		.eabi_attribute 24, 1
   8              		.eabi_attribute 25, 1
   9              		.eabi_attribute 26, 1
  10              		.eabi_attribute 30, 1
  11              		.eabi_attribute 34, 1
  12              		.eabi_attribute 18, 4
  13              		.file	"gpio.c"
  14              		.text
  15              	.Ltext0:
  16              		.cfi_sections	.debug_frame
  17              		.section	.text.MX_GPIO_Init,"ax",%progbits
  18              		.align	1
  19              		.global	MX_GPIO_Init
  20              		.arch armv7e-m
  21              		.syntax unified
  22              		.thumb
  23              		.thumb_func
  24              		.fpu fpv4-sp-d16
  26              	MX_GPIO_Init:
  27              	.LFB123:
  28              		.file 1 "Core/Src/gpio.c"
   1:Core/Src/gpio.c **** /* USER CODE BEGIN Header */
   2:Core/Src/gpio.c **** /**
   3:Core/Src/gpio.c ****   ******************************************************************************
   4:Core/Src/gpio.c ****   * @file    gpio.c
   5:Core/Src/gpio.c ****   * @brief   This file provides code for the configuration
   6:Core/Src/gpio.c ****   *          of all used GPIO pins.
   7:Core/Src/gpio.c ****   ******************************************************************************
   8:Core/Src/gpio.c ****   * @attention
   9:Core/Src/gpio.c ****   *
  10:Core/Src/gpio.c ****   * Copyright (c) 2025 STMicroelectronics.
  11:Core/Src/gpio.c ****   * All rights reserved.
  12:Core/Src/gpio.c ****   *
  13:Core/Src/gpio.c ****   * This software is licensed under terms that can be found in the LICENSE file
  14:Core/Src/gpio.c ****   * in the root directory of this software component.
  15:Core/Src/gpio.c ****   * If no LICENSE file comes with this software, it is provided AS-IS.
  16:Core/Src/gpio.c ****   *
  17:Core/Src/gpio.c ****   ******************************************************************************
  18:Core/Src/gpio.c ****   */
  19:Core/Src/gpio.c **** /* USER CODE END Header */
  20:Core/Src/gpio.c **** 
  21:Core/Src/gpio.c **** /* Includes ------------------------------------------------------------------*/
  22:Core/Src/gpio.c **** #include "gpio.h"
  23:Core/Src/gpio.c **** 
  24:Core/Src/gpio.c **** /* USER CODE BEGIN 0 */
  25:Core/Src/gpio.c **** 
  26:Core/Src/gpio.c **** /* USER CODE END 0 */
  27:Core/Src/gpio.c **** 
  28:Core/Src/gpio.c **** /*----------------------------------------------------------------------------*/
  29:Core/Src/gpio.c **** /* Configure GPIO                                                             */
  30:Core/Src/gpio.c **** /*----------------------------------------------------------------------------*/
ARM GAS  /tmp/ccJDgtS3.s 			page 2


  31:Core/Src/gpio.c **** /* USER CODE BEGIN 1 */
  32:Core/Src/gpio.c **** 
  33:Core/Src/gpio.c **** /* USER CODE END 1 */
  34:Core/Src/gpio.c **** 
  35:Core/Src/gpio.c **** /** Configure pins as
  36:Core/Src/gpio.c ****         * Analog
  37:Core/Src/gpio.c ****         * Input
  38:Core/Src/gpio.c ****         * Output
  39:Core/Src/gpio.c ****         * EVENT_OUT
  40:Core/Src/gpio.c ****         * EXTI
  41:Core/Src/gpio.c **** */
  42:Core/Src/gpio.c **** void MX_GPIO_Init(void)
  43:Core/Src/gpio.c **** {
  29              		.loc 1 43 1 view -0
  30              		.cfi_startproc
  31              		@ args = 0, pretend = 0, frame = 32
  32              		@ frame_needed = 0, uses_anonymous_args = 0
  33 0000 70B5     		push	{r4, r5, r6, lr}
  34              	.LCFI0:
  35              		.cfi_def_cfa_offset 16
  36              		.cfi_offset 4, -16
  37              		.cfi_offset 5, -12
  38              		.cfi_offset 6, -8
  39              		.cfi_offset 14, -4
  40 0002 88B0     		sub	sp, sp, #32
  41              	.LCFI1:
  42              		.cfi_def_cfa_offset 48
  44:Core/Src/gpio.c **** 
  45:Core/Src/gpio.c ****   GPIO_InitTypeDef GPIO_InitStruct = {0};
  43              		.loc 1 45 3 view .LVU1
  44              		.loc 1 45 20 is_stmt 0 view .LVU2
  45 0004 0024     		movs	r4, #0
  46 0006 0394     		str	r4, [sp, #12]
  47 0008 0494     		str	r4, [sp, #16]
  48 000a 0594     		str	r4, [sp, #20]
  49 000c 0694     		str	r4, [sp, #24]
  50 000e 0794     		str	r4, [sp, #28]
  46:Core/Src/gpio.c **** 
  47:Core/Src/gpio.c ****   /* GPIO Ports Clock Enable */
  48:Core/Src/gpio.c ****   __HAL_RCC_GPIOA_CLK_ENABLE();
  51              		.loc 1 48 3 is_stmt 1 view .LVU3
  52              	.LBB2:
  53              		.loc 1 48 3 view .LVU4
  54              		.loc 1 48 3 view .LVU5
  55 0010 234B     		ldr	r3, .L3
  56 0012 5A69     		ldr	r2, [r3, #20]
  57 0014 42F40032 		orr	r2, r2, #131072
  58 0018 5A61     		str	r2, [r3, #20]
  59              		.loc 1 48 3 view .LVU6
  60 001a 5A69     		ldr	r2, [r3, #20]
  61 001c 02F40032 		and	r2, r2, #131072
  62 0020 0192     		str	r2, [sp, #4]
  63              		.loc 1 48 3 view .LVU7
  64 0022 019A     		ldr	r2, [sp, #4]
  65              	.LBE2:
  66              		.loc 1 48 3 view .LVU8
  49:Core/Src/gpio.c ****   __HAL_RCC_GPIOB_CLK_ENABLE();
ARM GAS  /tmp/ccJDgtS3.s 			page 3


  67              		.loc 1 49 3 view .LVU9
  68              	.LBB3:
  69              		.loc 1 49 3 view .LVU10
  70              		.loc 1 49 3 view .LVU11
  71 0024 5A69     		ldr	r2, [r3, #20]
  72 0026 42F48022 		orr	r2, r2, #262144
  73 002a 5A61     		str	r2, [r3, #20]
  74              		.loc 1 49 3 view .LVU12
  75 002c 5B69     		ldr	r3, [r3, #20]
  76 002e 03F48023 		and	r3, r3, #262144
  77 0032 0293     		str	r3, [sp, #8]
  78              		.loc 1 49 3 view .LVU13
  79 0034 029B     		ldr	r3, [sp, #8]
  80              	.LBE3:
  81              		.loc 1 49 3 view .LVU14
  50:Core/Src/gpio.c **** 
  51:Core/Src/gpio.c ****   /*Configure GPIO pin Output Level */
  52:Core/Src/gpio.c ****   HAL_GPIO_WritePin(GPIOA, LED2_Pin|LED1_Pin|LED_CONNECTION_Pin, GPIO_PIN_RESET);
  82              		.loc 1 52 3 view .LVU15
  83 0036 2246     		mov	r2, r4
  84 0038 E021     		movs	r1, #224
  85 003a 4FF09040 		mov	r0, #1207959552
  86 003e FFF7FEFF 		bl	HAL_GPIO_WritePin
  87              	.LVL0:
  53:Core/Src/gpio.c **** 
  54:Core/Src/gpio.c ****   /*Configure GPIO pin Output Level */
  55:Core/Src/gpio.c ****   HAL_GPIO_WritePin(GPIOB, LED_DEBUG_Pin|LED_ERROR_Pin, GPIO_PIN_RESET);
  88              		.loc 1 55 3 view .LVU16
  89 0042 184D     		ldr	r5, .L3+4
  90 0044 2246     		mov	r2, r4
  91 0046 0321     		movs	r1, #3
  92 0048 2846     		mov	r0, r5
  93 004a FFF7FEFF 		bl	HAL_GPIO_WritePin
  94              	.LVL1:
  56:Core/Src/gpio.c **** 
  57:Core/Src/gpio.c ****   /*Configure GPIO pins : LED2_Pin LED1_Pin LED_CONNECTION_Pin */
  58:Core/Src/gpio.c ****   GPIO_InitStruct.Pin = LED2_Pin|LED1_Pin|LED_CONNECTION_Pin;
  95              		.loc 1 58 3 view .LVU17
  96              		.loc 1 58 23 is_stmt 0 view .LVU18
  97 004e E023     		movs	r3, #224
  98 0050 0393     		str	r3, [sp, #12]
  59:Core/Src/gpio.c ****   GPIO_InitStruct.Mode = GPIO_MODE_OUTPUT_PP;
  99              		.loc 1 59 3 is_stmt 1 view .LVU19
 100              		.loc 1 59 24 is_stmt 0 view .LVU20
 101 0052 0126     		movs	r6, #1
 102 0054 0496     		str	r6, [sp, #16]
  60:Core/Src/gpio.c ****   GPIO_InitStruct.Pull = GPIO_NOPULL;
 103              		.loc 1 60 3 is_stmt 1 view .LVU21
 104              		.loc 1 60 24 is_stmt 0 view .LVU22
 105 0056 0594     		str	r4, [sp, #20]
  61:Core/Src/gpio.c ****   GPIO_InitStruct.Speed = GPIO_SPEED_FREQ_LOW;
 106              		.loc 1 61 3 is_stmt 1 view .LVU23
 107              		.loc 1 61 25 is_stmt 0 view .LVU24
 108 0058 0694     		str	r4, [sp, #24]
  62:Core/Src/gpio.c ****   HAL_GPIO_Init(GPIOA, &GPIO_InitStruct);
 109              		.loc 1 62 3 is_stmt 1 view .LVU25
 110 005a 03A9     		add	r1, sp, #12
ARM GAS  /tmp/ccJDgtS3.s 			page 4


 111 005c 4FF09040 		mov	r0, #1207959552
 112 0060 FFF7FEFF 		bl	HAL_GPIO_Init
 113              	.LVL2:
  63:Core/Src/gpio.c **** 
  64:Core/Src/gpio.c ****   /*Configure GPIO pins : LED_DEBUG_Pin LED_ERROR_Pin */
  65:Core/Src/gpio.c ****   GPIO_InitStruct.Pin = LED_DEBUG_Pin|LED_ERROR_Pin;
 114              		.loc 1 65 3 view .LVU26
 115              		.loc 1 65 23 is_stmt 0 view .LVU27
 116 0064 0323     		movs	r3, #3
 117 0066 0393     		str	r3, [sp, #12]
  66:Core/Src/gpio.c ****   GPIO_InitStruct.Mode = GPIO_MODE_OUTPUT_PP;
 118              		.loc 1 66 3 is_stmt 1 view .LVU28
 119              		.loc 1 66 24 is_stmt 0 view .LVU29
 120 0068 0496     		str	r6, [sp, #16]
  67:Core/Src/gpio.c ****   GPIO_InitStruct.Pull = GPIO_NOPULL;
 121              		.loc 1 67 3 is_stmt 1 view .LVU30
 122              		.loc 1 67 24 is_stmt 0 view .LVU31
 123 006a 0594     		str	r4, [sp, #20]
  68:Core/Src/gpio.c ****   GPIO_InitStruct.Speed = GPIO_SPEED_FREQ_LOW;
 124              		.loc 1 68 3 is_stmt 1 view .LVU32
 125              		.loc 1 68 25 is_stmt 0 view .LVU33
 126 006c 0694     		str	r4, [sp, #24]
  69:Core/Src/gpio.c ****   HAL_GPIO_Init(GPIOB, &GPIO_InitStruct);
 127              		.loc 1 69 3 is_stmt 1 view .LVU34
 128 006e 03A9     		add	r1, sp, #12
 129 0070 2846     		mov	r0, r5
 130 0072 FFF7FEFF 		bl	HAL_GPIO_Init
 131              	.LVL3:
  70:Core/Src/gpio.c **** 
  71:Core/Src/gpio.c ****   /*Configure GPIO pin : DIP4_Pin */
  72:Core/Src/gpio.c ****   GPIO_InitStruct.Pin = DIP4_Pin;
 132              		.loc 1 72 3 view .LVU35
 133              		.loc 1 72 23 is_stmt 0 view .LVU36
 134 0076 4FF40043 		mov	r3, #32768
 135 007a 0393     		str	r3, [sp, #12]
  73:Core/Src/gpio.c ****   GPIO_InitStruct.Mode = GPIO_MODE_INPUT;
 136              		.loc 1 73 3 is_stmt 1 view .LVU37
 137              		.loc 1 73 24 is_stmt 0 view .LVU38
 138 007c 0494     		str	r4, [sp, #16]
  74:Core/Src/gpio.c ****   GPIO_InitStruct.Pull = GPIO_PULLDOWN;
 139              		.loc 1 74 3 is_stmt 1 view .LVU39
 140              		.loc 1 74 24 is_stmt 0 view .LVU40
 141 007e 0226     		movs	r6, #2
 142 0080 0596     		str	r6, [sp, #20]
  75:Core/Src/gpio.c ****   HAL_GPIO_Init(DIP4_GPIO_Port, &GPIO_InitStruct);
 143              		.loc 1 75 3 is_stmt 1 view .LVU41
 144 0082 03A9     		add	r1, sp, #12
 145 0084 4FF09040 		mov	r0, #1207959552
 146 0088 FFF7FEFF 		bl	HAL_GPIO_Init
 147              	.LVL4:
  76:Core/Src/gpio.c **** 
  77:Core/Src/gpio.c ****   /*Configure GPIO pins : DIP3_Pin DIP2_Pin DIP1_Pin */
  78:Core/Src/gpio.c ****   GPIO_InitStruct.Pin = DIP3_Pin|DIP2_Pin|DIP1_Pin;
 148              		.loc 1 78 3 view .LVU42
 149              		.loc 1 78 23 is_stmt 0 view .LVU43
 150 008c 3823     		movs	r3, #56
 151 008e 0393     		str	r3, [sp, #12]
ARM GAS  /tmp/ccJDgtS3.s 			page 5


  79:Core/Src/gpio.c ****   GPIO_InitStruct.Mode = GPIO_MODE_INPUT;
 152              		.loc 1 79 3 is_stmt 1 view .LVU44
 153              		.loc 1 79 24 is_stmt 0 view .LVU45
 154 0090 0494     		str	r4, [sp, #16]
  80:Core/Src/gpio.c ****   GPIO_InitStruct.Pull = GPIO_PULLDOWN;
 155              		.loc 1 80 3 is_stmt 1 view .LVU46
 156              		.loc 1 80 24 is_stmt 0 view .LVU47
 157 0092 0596     		str	r6, [sp, #20]
  81:Core/Src/gpio.c ****   HAL_GPIO_Init(GPIOB, &GPIO_InitStruct);
 158              		.loc 1 81 3 is_stmt 1 view .LVU48
 159 0094 03A9     		add	r1, sp, #12
 160 0096 2846     		mov	r0, r5
 161 0098 FFF7FEFF 		bl	HAL_GPIO_Init
 162              	.LVL5:
  82:Core/Src/gpio.c **** 
  83:Core/Src/gpio.c **** }
 163              		.loc 1 83 1 is_stmt 0 view .LVU49
 164 009c 08B0     		add	sp, sp, #32
 165              	.LCFI2:
 166              		.cfi_def_cfa_offset 16
 167              		@ sp needed
 168 009e 70BD     		pop	{r4, r5, r6, pc}
 169              	.L4:
 170              		.align	2
 171              	.L3:
 172 00a0 00100240 		.word	1073876992
 173 00a4 00040048 		.word	1207960576
 174              		.cfi_endproc
 175              	.LFE123:
 177              		.text
 178              	.Letext0:
 179              		.file 2 "/usr/lib/gcc/arm-none-eabi/10.3.1/include/stdint.h"
 180              		.file 3 "Drivers/CMSIS/Device/ST/STM32F3xx/Include/stm32f303x8.h"
 181              		.file 4 "Drivers/STM32F3xx_HAL_Driver/Inc/stm32f3xx_hal_gpio.h"
ARM GAS  /tmp/ccJDgtS3.s 			page 6


DEFINED SYMBOLS
                            *ABS*:0000000000000000 gpio.c
     /tmp/ccJDgtS3.s:18     .text.MX_GPIO_Init:0000000000000000 $t
     /tmp/ccJDgtS3.s:26     .text.MX_GPIO_Init:0000000000000000 MX_GPIO_Init
     /tmp/ccJDgtS3.s:172    .text.MX_GPIO_Init:00000000000000a0 $d

UNDEFINED SYMBOLS
HAL_GPIO_WritePin
HAL_GPIO_Init
