ARM GAS  /tmp/cckqjo33.s 			page 1


   1              		.cpu cortex-m4
   2              		.eabi_attribute 27, 1
   3              		.eabi_attribute 28, 1
   4              		.eabi_attribute 20, 1
   5              		.eabi_attribute 21, 1
   6              		.eabi_attribute 23, 3
   7              		.eabi_attribute 24, 1
   8              		.eabi_attribute 25, 1
   9              		.eabi_attribute 26, 1
  10              		.eabi_attribute 30, 1
  11              		.eabi_attribute 34, 1
  12              		.eabi_attribute 18, 4
  13              		.file	"gpio.c"
  14              		.text
  15              	.Ltext0:
  16              		.cfi_sections	.debug_frame
  17              		.section	.text.MX_GPIO_Init,"ax",%progbits
  18              		.align	1
  19              		.global	MX_GPIO_Init
  20              		.arch armv7e-m
  21              		.syntax unified
  22              		.thumb
  23              		.thumb_func
  24              		.fpu fpv4-sp-d16
  26              	MX_GPIO_Init:
  27              	.LFB123:
  28              		.file 1 "Core/Src/gpio.c"
   1:Core/Src/gpio.c **** /* USER CODE BEGIN Header */
   2:Core/Src/gpio.c **** /**
   3:Core/Src/gpio.c ****   ******************************************************************************
   4:Core/Src/gpio.c ****   * @file    gpio.c
   5:Core/Src/gpio.c ****   * @brief   This file provides code for the configuration
   6:Core/Src/gpio.c ****   *          of all used GPIO pins.
   7:Core/Src/gpio.c ****   ******************************************************************************
   8:Core/Src/gpio.c ****   * @attention
   9:Core/Src/gpio.c ****   *
  10:Core/Src/gpio.c ****   * Copyright (c) 2025 STMicroelectronics.
  11:Core/Src/gpio.c ****   * All rights reserved.
  12:Core/Src/gpio.c ****   *
  13:Core/Src/gpio.c ****   * This software is licensed under terms that can be found in the LICENSE file
  14:Core/Src/gpio.c ****   * in the root directory of this software component.
  15:Core/Src/gpio.c ****   * If no LICENSE file comes with this software, it is provided AS-IS.
  16:Core/Src/gpio.c ****   *
  17:Core/Src/gpio.c ****   ******************************************************************************
  18:Core/Src/gpio.c ****   */
  19:Core/Src/gpio.c **** /* USER CODE END Header */
  20:Core/Src/gpio.c **** 
  21:Core/Src/gpio.c **** /* Includes ------------------------------------------------------------------*/
  22:Core/Src/gpio.c **** #include "gpio.h"
  23:Core/Src/gpio.c **** 
  24:Core/Src/gpio.c **** /* USER CODE BEGIN 0 */
  25:Core/Src/gpio.c **** 
  26:Core/Src/gpio.c **** /* USER CODE END 0 */
  27:Core/Src/gpio.c **** 
  28:Core/Src/gpio.c **** /*----------------------------------------------------------------------------*/
  29:Core/Src/gpio.c **** /* Configure GPIO                                                             */
  30:Core/Src/gpio.c **** /*----------------------------------------------------------------------------*/
ARM GAS  /tmp/cckqjo33.s 			page 2


  31:Core/Src/gpio.c **** /* USER CODE BEGIN 1 */
  32:Core/Src/gpio.c **** 
  33:Core/Src/gpio.c **** /* USER CODE END 1 */
  34:Core/Src/gpio.c **** 
  35:Core/Src/gpio.c **** /** Configure pins as
  36:Core/Src/gpio.c ****         * Analog
  37:Core/Src/gpio.c ****         * Input
  38:Core/Src/gpio.c ****         * Output
  39:Core/Src/gpio.c ****         * EVENT_OUT
  40:Core/Src/gpio.c ****         * EXTI
  41:Core/Src/gpio.c **** */
  42:Core/Src/gpio.c **** void MX_GPIO_Init(void)
  43:Core/Src/gpio.c **** {
  29              		.loc 1 43 1 view -0
  30              		.cfi_startproc
  31              		@ args = 0, pretend = 0, frame = 32
  32              		@ frame_needed = 0, uses_anonymous_args = 0
  33 0000 F0B5     		push	{r4, r5, r6, r7, lr}
  34              	.LCFI0:
  35              		.cfi_def_cfa_offset 20
  36              		.cfi_offset 4, -20
  37              		.cfi_offset 5, -16
  38              		.cfi_offset 6, -12
  39              		.cfi_offset 7, -8
  40              		.cfi_offset 14, -4
  41 0002 89B0     		sub	sp, sp, #36
  42              	.LCFI1:
  43              		.cfi_def_cfa_offset 56
  44:Core/Src/gpio.c **** 
  45:Core/Src/gpio.c ****   GPIO_InitTypeDef GPIO_InitStruct = {0};
  44              		.loc 1 45 3 view .LVU1
  45              		.loc 1 45 20 is_stmt 0 view .LVU2
  46 0004 0024     		movs	r4, #0
  47 0006 0394     		str	r4, [sp, #12]
  48 0008 0494     		str	r4, [sp, #16]
  49 000a 0594     		str	r4, [sp, #20]
  50 000c 0694     		str	r4, [sp, #24]
  51 000e 0794     		str	r4, [sp, #28]
  46:Core/Src/gpio.c **** 
  47:Core/Src/gpio.c ****   /* GPIO Ports Clock Enable */
  48:Core/Src/gpio.c ****   __HAL_RCC_GPIOA_CLK_ENABLE();
  52              		.loc 1 48 3 is_stmt 1 view .LVU3
  53              	.LBB2:
  54              		.loc 1 48 3 view .LVU4
  55              		.loc 1 48 3 view .LVU5
  56 0010 284B     		ldr	r3, .L3
  57 0012 5A69     		ldr	r2, [r3, #20]
  58 0014 42F40032 		orr	r2, r2, #131072
  59 0018 5A61     		str	r2, [r3, #20]
  60              		.loc 1 48 3 view .LVU6
  61 001a 5A69     		ldr	r2, [r3, #20]
  62 001c 02F40032 		and	r2, r2, #131072
  63 0020 0192     		str	r2, [sp, #4]
  64              		.loc 1 48 3 view .LVU7
  65 0022 019A     		ldr	r2, [sp, #4]
  66              	.LBE2:
  67              		.loc 1 48 3 view .LVU8
ARM GAS  /tmp/cckqjo33.s 			page 3


  49:Core/Src/gpio.c ****   __HAL_RCC_GPIOB_CLK_ENABLE();
  68              		.loc 1 49 3 view .LVU9
  69              	.LBB3:
  70              		.loc 1 49 3 view .LVU10
  71              		.loc 1 49 3 view .LVU11
  72 0024 5A69     		ldr	r2, [r3, #20]
  73 0026 42F48022 		orr	r2, r2, #262144
  74 002a 5A61     		str	r2, [r3, #20]
  75              		.loc 1 49 3 view .LVU12
  76 002c 5B69     		ldr	r3, [r3, #20]
  77 002e 03F48023 		and	r3, r3, #262144
  78 0032 0293     		str	r3, [sp, #8]
  79              		.loc 1 49 3 view .LVU13
  80 0034 029B     		ldr	r3, [sp, #8]
  81              	.LBE3:
  82              		.loc 1 49 3 view .LVU14
  50:Core/Src/gpio.c **** 
  51:Core/Src/gpio.c ****   /*Configure GPIO pin Output Level */
  52:Core/Src/gpio.c ****   HAL_GPIO_WritePin(GPIOA, Buzzer_Pin|LED_3_Pin|LED_1_Pin|LED_4_Pin
  83              		.loc 1 52 3 view .LVU15
  84 0036 2246     		mov	r2, r4
  85 0038 41F65111 		movw	r1, #6481
  86 003c 4FF09040 		mov	r0, #1207959552
  87 0040 FFF7FEFF 		bl	HAL_GPIO_WritePin
  88              	.LVL0:
  53:Core/Src/gpio.c ****                           |LED_5_Pin|LED_6_Pin, GPIO_PIN_RESET);
  54:Core/Src/gpio.c **** 
  55:Core/Src/gpio.c ****   /*Configure GPIO pin Output Level */
  56:Core/Src/gpio.c ****   HAL_GPIO_WritePin(LED_emstop_GPIO_Port, LED_emstop_Pin, GPIO_PIN_RESET);
  89              		.loc 1 56 3 view .LVU16
  90 0044 1C4D     		ldr	r5, .L3+4
  91 0046 2246     		mov	r2, r4
  92 0048 8021     		movs	r1, #128
  93 004a 2846     		mov	r0, r5
  94 004c FFF7FEFF 		bl	HAL_GPIO_WritePin
  95              	.LVL1:
  57:Core/Src/gpio.c **** 
  58:Core/Src/gpio.c ****   /*Configure GPIO pins : Buzzer_Pin LED_3_Pin LED_1_Pin LED_4_Pin
  59:Core/Src/gpio.c ****                            LED_5_Pin LED_6_Pin */
  60:Core/Src/gpio.c ****   GPIO_InitStruct.Pin = Buzzer_Pin|LED_3_Pin|LED_1_Pin|LED_4_Pin
  96              		.loc 1 60 3 view .LVU17
  97              		.loc 1 60 23 is_stmt 0 view .LVU18
  98 0050 41F65113 		movw	r3, #6481
  99 0054 0393     		str	r3, [sp, #12]
  61:Core/Src/gpio.c ****                           |LED_5_Pin|LED_6_Pin;
  62:Core/Src/gpio.c ****   GPIO_InitStruct.Mode = GPIO_MODE_OUTPUT_PP;
 100              		.loc 1 62 3 is_stmt 1 view .LVU19
 101              		.loc 1 62 24 is_stmt 0 view .LVU20
 102 0056 0126     		movs	r6, #1
 103 0058 0496     		str	r6, [sp, #16]
  63:Core/Src/gpio.c ****   GPIO_InitStruct.Pull = GPIO_NOPULL;
 104              		.loc 1 63 3 is_stmt 1 view .LVU21
 105              		.loc 1 63 24 is_stmt 0 view .LVU22
 106 005a 0594     		str	r4, [sp, #20]
  64:Core/Src/gpio.c ****   GPIO_InitStruct.Speed = GPIO_SPEED_FREQ_LOW;
 107              		.loc 1 64 3 is_stmt 1 view .LVU23
 108              		.loc 1 64 25 is_stmt 0 view .LVU24
ARM GAS  /tmp/cckqjo33.s 			page 4


 109 005c 0694     		str	r4, [sp, #24]
  65:Core/Src/gpio.c ****   HAL_GPIO_Init(GPIOA, &GPIO_InitStruct);
 110              		.loc 1 65 3 is_stmt 1 view .LVU25
 111 005e 03A9     		add	r1, sp, #12
 112 0060 4FF09040 		mov	r0, #1207959552
 113 0064 FFF7FEFF 		bl	HAL_GPIO_Init
 114              	.LVL2:
  66:Core/Src/gpio.c **** 
  67:Core/Src/gpio.c ****   /*Configure GPIO pins : emstop_Pin DIP_4_Pin */
  68:Core/Src/gpio.c ****   GPIO_InitStruct.Pin = emstop_Pin|DIP_4_Pin;
 115              		.loc 1 68 3 view .LVU26
 116              		.loc 1 68 23 is_stmt 0 view .LVU27
 117 0068 48F20203 		movw	r3, #32770
 118 006c 0393     		str	r3, [sp, #12]
  69:Core/Src/gpio.c ****   GPIO_InitStruct.Mode = GPIO_MODE_INPUT;
 119              		.loc 1 69 3 is_stmt 1 view .LVU28
 120              		.loc 1 69 24 is_stmt 0 view .LVU29
 121 006e 0494     		str	r4, [sp, #16]
  70:Core/Src/gpio.c ****   GPIO_InitStruct.Pull = GPIO_PULLDOWN;
 122              		.loc 1 70 3 is_stmt 1 view .LVU30
 123              		.loc 1 70 24 is_stmt 0 view .LVU31
 124 0070 0227     		movs	r7, #2
 125 0072 0597     		str	r7, [sp, #20]
  71:Core/Src/gpio.c ****   HAL_GPIO_Init(GPIOA, &GPIO_InitStruct);
 126              		.loc 1 71 3 is_stmt 1 view .LVU32
 127 0074 03A9     		add	r1, sp, #12
 128 0076 4FF09040 		mov	r0, #1207959552
 129 007a FFF7FEFF 		bl	HAL_GPIO_Init
 130              	.LVL3:
  72:Core/Src/gpio.c **** 
  73:Core/Src/gpio.c ****   /*Configure GPIO pins : DIP_3_Pin DIP_2_Pin DIP_1_Pin */
  74:Core/Src/gpio.c ****   GPIO_InitStruct.Pin = DIP_3_Pin|DIP_2_Pin|DIP_1_Pin;
 131              		.loc 1 74 3 view .LVU33
 132              		.loc 1 74 23 is_stmt 0 view .LVU34
 133 007e 3823     		movs	r3, #56
 134 0080 0393     		str	r3, [sp, #12]
  75:Core/Src/gpio.c ****   GPIO_InitStruct.Mode = GPIO_MODE_INPUT;
 135              		.loc 1 75 3 is_stmt 1 view .LVU35
 136              		.loc 1 75 24 is_stmt 0 view .LVU36
 137 0082 0494     		str	r4, [sp, #16]
  76:Core/Src/gpio.c ****   GPIO_InitStruct.Pull = GPIO_PULLDOWN;
 138              		.loc 1 76 3 is_stmt 1 view .LVU37
 139              		.loc 1 76 24 is_stmt 0 view .LVU38
 140 0084 0597     		str	r7, [sp, #20]
  77:Core/Src/gpio.c ****   HAL_GPIO_Init(GPIOB, &GPIO_InitStruct);
 141              		.loc 1 77 3 is_stmt 1 view .LVU39
 142 0086 03A9     		add	r1, sp, #12
 143 0088 2846     		mov	r0, r5
 144 008a FFF7FEFF 		bl	HAL_GPIO_Init
 145              	.LVL4:
  78:Core/Src/gpio.c **** 
  79:Core/Src/gpio.c ****   /*Configure GPIO pin : bustop_Pin */
  80:Core/Src/gpio.c ****   GPIO_InitStruct.Pin = bustop_Pin;
 146              		.loc 1 80 3 view .LVU40
 147              		.loc 1 80 23 is_stmt 0 view .LVU41
 148 008e 4023     		movs	r3, #64
 149 0090 0393     		str	r3, [sp, #12]
ARM GAS  /tmp/cckqjo33.s 			page 5


  81:Core/Src/gpio.c ****   GPIO_InitStruct.Mode = GPIO_MODE_INPUT;
 150              		.loc 1 81 3 is_stmt 1 view .LVU42
 151              		.loc 1 81 24 is_stmt 0 view .LVU43
 152 0092 0494     		str	r4, [sp, #16]
  82:Core/Src/gpio.c ****   GPIO_InitStruct.Pull = GPIO_NOPULL;
 153              		.loc 1 82 3 is_stmt 1 view .LVU44
 154              		.loc 1 82 24 is_stmt 0 view .LVU45
 155 0094 0594     		str	r4, [sp, #20]
  83:Core/Src/gpio.c ****   HAL_GPIO_Init(bustop_GPIO_Port, &GPIO_InitStruct);
 156              		.loc 1 83 3 is_stmt 1 view .LVU46
 157 0096 03A9     		add	r1, sp, #12
 158 0098 2846     		mov	r0, r5
 159 009a FFF7FEFF 		bl	HAL_GPIO_Init
 160              	.LVL5:
  84:Core/Src/gpio.c **** 
  85:Core/Src/gpio.c ****   /*Configure GPIO pin : LED_emstop_Pin */
  86:Core/Src/gpio.c ****   GPIO_InitStruct.Pin = LED_emstop_Pin;
 161              		.loc 1 86 3 view .LVU47
 162              		.loc 1 86 23 is_stmt 0 view .LVU48
 163 009e 8023     		movs	r3, #128
 164 00a0 0393     		str	r3, [sp, #12]
  87:Core/Src/gpio.c ****   GPIO_InitStruct.Mode = GPIO_MODE_OUTPUT_PP;
 165              		.loc 1 87 3 is_stmt 1 view .LVU49
 166              		.loc 1 87 24 is_stmt 0 view .LVU50
 167 00a2 0496     		str	r6, [sp, #16]
  88:Core/Src/gpio.c ****   GPIO_InitStruct.Pull = GPIO_NOPULL;
 168              		.loc 1 88 3 is_stmt 1 view .LVU51
 169              		.loc 1 88 24 is_stmt 0 view .LVU52
 170 00a4 0594     		str	r4, [sp, #20]
  89:Core/Src/gpio.c ****   GPIO_InitStruct.Speed = GPIO_SPEED_FREQ_LOW;
 171              		.loc 1 89 3 is_stmt 1 view .LVU53
 172              		.loc 1 89 25 is_stmt 0 view .LVU54
 173 00a6 0694     		str	r4, [sp, #24]
  90:Core/Src/gpio.c ****   HAL_GPIO_Init(LED_emstop_GPIO_Port, &GPIO_InitStruct);
 174              		.loc 1 90 3 is_stmt 1 view .LVU55
 175 00a8 03A9     		add	r1, sp, #12
 176 00aa 2846     		mov	r0, r5
 177 00ac FFF7FEFF 		bl	HAL_GPIO_Init
 178              	.LVL6:
  91:Core/Src/gpio.c **** 
  92:Core/Src/gpio.c **** }
 179              		.loc 1 92 1 is_stmt 0 view .LVU56
 180 00b0 09B0     		add	sp, sp, #36
 181              	.LCFI2:
 182              		.cfi_def_cfa_offset 20
 183              		@ sp needed
 184 00b2 F0BD     		pop	{r4, r5, r6, r7, pc}
 185              	.L4:
 186              		.align	2
 187              	.L3:
 188 00b4 00100240 		.word	1073876992
 189 00b8 00040048 		.word	1207960576
 190              		.cfi_endproc
 191              	.LFE123:
 193              		.text
 194              	.Letext0:
 195              		.file 2 "/usr/lib/gcc/arm-none-eabi/10.3.1/include/stdint.h"
ARM GAS  /tmp/cckqjo33.s 			page 6


 196              		.file 3 "Drivers/CMSIS/Device/ST/STM32F3xx/Include/stm32f303x8.h"
 197              		.file 4 "Drivers/STM32F3xx_HAL_Driver/Inc/stm32f3xx_hal_gpio.h"
ARM GAS  /tmp/cckqjo33.s 			page 7


DEFINED SYMBOLS
                            *ABS*:0000000000000000 gpio.c
     /tmp/cckqjo33.s:18     .text.MX_GPIO_Init:0000000000000000 $t
     /tmp/cckqjo33.s:26     .text.MX_GPIO_Init:0000000000000000 MX_GPIO_Init
     /tmp/cckqjo33.s:188    .text.MX_GPIO_Init:00000000000000b4 $d

UNDEFINED SYMBOLS
HAL_GPIO_WritePin
HAL_GPIO_Init
